<?xml version="1.0" encoding="UTF-8"?>
<testsuite name="com.supplements.HealthSupplementsApplicationTests" tests="1" skipped="0" failures="0" errors="0" timestamp="2024-11-10T16:46:41" hostname="gimminjun-ui-MacBookAir.local" time="0.399">
  <properties/>
  <testcase name="contextLoads()" classname="com.supplements.HealthSupplementsApplicationTests" time="0.399"/>
  <system-out><![CDATA[01:46:40.634 [Test worker] INFO org.springframework.test.context.support.AnnotationConfigContextLoaderUtils -- Could not detect default configuration classes for test class [com.supplements.HealthSupplementsApplicationTests]: HealthSupplementsApplicationTests does not declare any static, non-private, non-final, nested classes annotated with @Configuration.
01:46:40.674 [Test worker] INFO org.springframework.boot.test.context.SpringBootTestContextBootstrapper -- Found @SpringBootConfiguration com.supplements.HealthSupplementsApplication for test class com.supplements.HealthSupplementsApplicationTests

  .   ____          _            __ _ _
 /\\ / ___'_ __ _ _(_)_ __  __ _ \ \ \ \
( ( )\___ | '_ | '_| | '_ \/ _` | \ \ \ \
 \\/  ___)| |_)| | | | | || (_| |  ) ) ) )
  '  |____| .__|_| |_|_| |_\__, | / / / /
 =========|_|==============|___/=/_/_/_/

 :: Spring Boot ::                (v3.3.4)

2024-11-11T01:46:40.836+09:00  INFO 39767 --- [health-supplements] [    Test worker] c.s.HealthSupplementsApplicationTests    : Starting HealthSupplementsApplicationTests using Java 17.0.13 with PID 39767 (started by kimminjune in /Users/kimminjune/capstone_project/health-supplements/server/main)
2024-11-11T01:46:40.837+09:00  INFO 39767 --- [health-supplements] [    Test worker] c.s.HealthSupplementsApplicationTests    : No active profile set, falling back to 1 default profile: "default"
2024-11-11T01:46:40.849+09:00 DEBUG 39767 --- [health-supplements] [    Test worker] o.s.w.c.s.GenericWebApplicationContext   : Refreshing org.springframework.web.context.support.GenericWebApplicationContext@5d05ef57
2024-11-11T01:46:41.063+09:00  INFO 39767 --- [health-supplements] [    Test worker] .s.d.r.c.RepositoryConfigurationDelegate : Bootstrapping Spring Data MongoDB repositories in DEFAULT mode.
2024-11-11T01:46:41.083+09:00  INFO 39767 --- [health-supplements] [    Test worker] .s.d.r.c.RepositoryConfigurationDelegate : Finished Spring Data repository scanning in 18 ms. Found 1 MongoDB repository interface.
2024-11-11T01:46:41.248+09:00  INFO 39767 --- [health-supplements] [    Test worker] org.mongodb.driver.client                : MongoClient with metadata {"driver": {"name": "mongo-java-driver|sync|spring-boot", "version": "5.0.1"}, "os": {"type": "Darwin", "name": "Mac OS X", "architecture": "aarch64", "version": "15.1"}, "platform": "Java/Homebrew/17.0.13+0"} created with settings MongoClientSettings{readPreference=primary, writeConcern=WriteConcern{w=null, wTimeout=null ms, journal=null}, retryWrites=true, retryReads=true, readConcern=ReadConcern{level=null}, credential=MongoCredential{mechanism=null, userName='root', source='admin', password=<hidden>, mechanismProperties=<hidden>}, transportSettings=null, commandListeners=[], codecRegistry=ProvidersCodecRegistry{codecProviders=[ValueCodecProvider{}, BsonValueCodecProvider{}, DBRefCodecProvider{}, DBObjectCodecProvider{}, DocumentCodecProvider{}, CollectionCodecProvider{}, IterableCodecProvider{}, MapCodecProvider{}, GeoJsonCodecProvider{}, GridFSFileCodecProvider{}, Jsr310CodecProvider{}, JsonObjectCodecProvider{}, BsonCodecProvider{}, EnumCodecProvider{}, com.mongodb.client.model.mql.ExpressionCodecProvider@66fbc5e7, com.mongodb.Jep395RecordCodecProvider@9accff0, com.mongodb.KotlinCodecProvider@52559a69]}, loggerSettings=LoggerSettings{maxDocumentLength=1000}, clusterSettings={hosts=[localhost:27017], srvServiceName=mongodb, mode=SINGLE, requiredClusterType=UNKNOWN, requiredReplicaSetName='null', serverSelector='null', clusterListeners='[]', serverSelectionTimeout='30000 ms', localThreshold='15 ms'}, socketSettings=SocketSettings{connectTimeoutMS=10000, readTimeoutMS=0, receiveBufferSize=0, proxySettings=ProxySettings{host=null, port=null, username=null, password=null}}, heartbeatSocketSettings=SocketSettings{connectTimeoutMS=10000, readTimeoutMS=10000, receiveBufferSize=0, proxySettings=ProxySettings{host=null, port=null, username=null, password=null}}, connectionPoolSettings=ConnectionPoolSettings{maxSize=100, minSize=0, maxWaitTimeMS=120000, maxConnectionLifeTimeMS=0, maxConnectionIdleTimeMS=0, maintenanceInitialDelayMS=0, maintenanceFrequencyMS=60000, connectionPoolListeners=[], maxConnecting=2}, serverSettings=ServerSettings{heartbeatFrequencyMS=10000, minHeartbeatFrequencyMS=500, serverListeners='[]', serverMonitorListeners='[]'}, sslSettings=SslSettings{enabled=false, invalidHostNameAllowed=false, context=null}, applicationName='null', compressorList=[], uuidRepresentation=JAVA_LEGACY, serverApi=null, autoEncryptionSettings=null, dnsClient=null, inetAddressResolver=null, contextProvider=null}
2024-11-11T01:46:41.256+09:00  INFO 39767 --- [health-supplements] [localhost:27017] org.mongodb.driver.cluster               : Monitor thread successfully connected to server with description ServerDescription{address=localhost:27017, type=STANDALONE, state=CONNECTED, ok=true, minWireVersion=0, maxWireVersion=25, maxDocumentSize=16777216, logicalSessionTimeoutMinutes=30, roundTripTimeNanos=7695875}
2024-11-11T01:46:41.478+09:00 DEBUG 39767 --- [health-supplements] [    Test worker] s.w.s.m.m.a.RequestMappingHandlerMapping : 6 mappings in 'requestMappingHandlerMapping'
2024-11-11T01:46:41.531+09:00 DEBUG 39767 --- [health-supplements] [    Test worker] o.s.w.s.handler.SimpleUrlHandlerMapping  : Patterns [/webjars/**, /**] in 'resourceHandlerMapping'
2024-11-11T01:46:41.555+09:00 DEBUG 39767 --- [health-supplements] [    Test worker] s.w.s.m.m.a.RequestMappingHandlerAdapter : ControllerAdvice beans: 0 @ModelAttribute, 0 @InitBinder, 1 RequestBodyAdvice, 1 ResponseBodyAdvice
2024-11-11T01:46:41.568+09:00 DEBUG 39767 --- [health-supplements] [    Test worker] .m.m.a.ExceptionHandlerExceptionResolver : ControllerAdvice beans: 0 @ExceptionHandler, 1 ResponseBodyAdvice
2024-11-11T01:46:41.604+09:00  INFO 39767 --- [health-supplements] [    Test worker] c.s.HealthSupplementsApplicationTests    : Started HealthSupplementsApplicationTests in 0.875 seconds (process running for 1.34)
]]></system-out>
  <system-err><![CDATA[]]></system-err>
</testsuite>
